app/build/intermediates/manifest_merge_blame_file/debug/processDebugMainManifest/manifest-merger-blame-debug-report.txt
1<?xml version="1.0" encoding="utf-8"?>
2<manifest xmlns:android="http://schemas.android.com/apk/res/android"
3    package="com.rescuex"
4    android:versionCode="1"
5    android:versionName="1.0" >
6
7    <uses-sdk
8        android:minSdkVersion="24"
9        android:targetSdkVersion="34" />
10
11    <uses-permission android:name="android.permission.ACCESS_FINE_LOCATION" />
11-->src\main\AndroidManifest.xml:5:5-79
11-->src\main\AndroidManifest.xml:5:22-76
12    <uses-permission android:name="android.permission.ACCESS_COARSE_LOCATION" />
12-->src\main\AndroidManifest.xml:6:5-81
12-->src\main\AndroidManifest.xml:6:22-78
13    <uses-permission android:name="android.permission.INTERNET" />
13-->src\main\AndroidManifest.xml:7:5-67
13-->src\main\AndroidManifest.xml:7:22-64
14    <uses-permission android:name="android.permission.RECORD_AUDIO" />
14-->src\main\AndroidManifest.xml:8:5-71
14-->src\main\AndroidManifest.xml:8:22-68
15    <uses-permission android:name="android.permission.MODIFY_AUDIO_SETTINGS" />
15-->src\main\AndroidManifest.xml:9:5-80
15-->src\main\AndroidManifest.xml:9:22-77
16    <uses-permission android:name="android.permission.FOREGROUND_SERVICE" />
16-->src\main\AndroidManifest.xml:10:5-77
16-->src\main\AndroidManifest.xml:10:22-74
17    <uses-permission android:name="android.permission.FOREGROUND_SERVICE_PHONE_CALL" />
17-->src\main\AndroidManifest.xml:11:5-88
17-->src\main\AndroidManifest.xml:11:22-85
18    <uses-permission android:name="android.permission.FOREGROUND_SERVICE_MICROPHONE" />
18-->src\main\AndroidManifest.xml:12:5-88
18-->src\main\AndroidManifest.xml:12:22-85
19
20    <permission
20-->[androidx.core:core:1.13.1] AndroidManifest.xml:22:5-24:47
21        android:name="com.rescuex.DYNAMIC_RECEIVER_NOT_EXPORTED_PERMISSION"
21-->[androidx.core:core:1.13.1] AndroidManifest.xml:23:9-81
22        android:protectionLevel="signature" />
22-->[androidx.core:core:1.13.1] AndroidManifest.xml:24:9-44
23
24    <uses-permission android:name="com.rescuex.DYNAMIC_RECEIVER_NOT_EXPORTED_PERMISSION" />
24-->[androidx.core:core:1.13.1] AndroidManifest.xml:26:5-97
24-->[androidx.core:core:1.13.1] AndroidManifest.xml:26:22-94
25
26    <application
26-->src\main\AndroidManifest.xml:14:5-32:19
27        android:name="com.rescuex.RescueXApp"
27-->src\main\AndroidManifest.xml:15:9-35
28        android:allowBackup="true"
28-->src\main\AndroidManifest.xml:16:9-35
29        android:appComponentFactory="androidx.core.app.CoreComponentFactory"
29-->[androidx.core:core:1.13.1] AndroidManifest.xml:28:18-86
30        android:dataExtractionRules="@xml/data_extraction_rules"
30-->[ai.vapi.android:vapi:2.0.3] AndroidManifest.xml:10:9-65
31        android:debuggable="true"
32        android:extractNativeLibs="false"
33        android:fullBackupContent="@xml/backup_rules"
33-->[ai.vapi.android:vapi:2.0.3] AndroidManifest.xml:11:9-54
34        android:icon="@mipmap/ic_launcher"
34-->src\main\AndroidManifest.xml:17:9-43
35        android:label="@string/app_name"
35-->src\main\AndroidManifest.xml:18:9-41
36        android:roundIcon="@mipmap/ic_launcher_round"
36-->src\main\AndroidManifest.xml:19:9-54
37        android:supportsRtl="true"
37-->src\main\AndroidManifest.xml:20:9-35
38        android:testOnly="true"
39        android:theme="@style/Theme.RescueXAI" >
39-->src\main\AndroidManifest.xml:21:9-47
40        <activity
40-->src\main\AndroidManifest.xml:23:9-31:20
41            android:name="com.rescuex.MainActivity"
41-->src\main\AndroidManifest.xml:24:13-41
42            android:exported="true"
42-->src\main\AndroidManifest.xml:25:13-36
43            android:theme="@style/Theme.RescueXAI" >
43-->src\main\AndroidManifest.xml:26:13-51
44            <intent-filter>
44-->src\main\AndroidManifest.xml:27:13-30:29
45                <action android:name="android.intent.action.MAIN" />
45-->src\main\AndroidManifest.xml:28:17-69
45-->src\main\AndroidManifest.xml:28:25-66
46
47                <category android:name="android.intent.category.LAUNCHER" />
47-->src\main\AndroidManifest.xml:29:17-77
47-->src\main\AndroidManifest.xml:29:27-74
48            </intent-filter>
49        </activity>
50        <activity
50-->[com.google.android.gms:play-services-base:18.5.0] AndroidManifest.xml:5:9-173
51            android:name="com.google.android.gms.common.api.GoogleApiActivity"
51-->[com.google.android.gms:play-services-base:18.5.0] AndroidManifest.xml:5:19-85
52            android:exported="false"
52-->[com.google.android.gms:play-services-base:18.5.0] AndroidManifest.xml:5:146-170
53            android:theme="@android:style/Theme.Translucent.NoTitleBar" />
53-->[com.google.android.gms:play-services-base:18.5.0] AndroidManifest.xml:5:86-145
54        <activity
54-->[androidx.compose.ui:ui-tooling-android:1.7.3] AndroidManifest.xml:23:9-25:39
55            android:name="androidx.compose.ui.tooling.PreviewActivity"
55-->[androidx.compose.ui:ui-tooling-android:1.7.3] AndroidManifest.xml:24:13-71
56            android:exported="true" />
56-->[androidx.compose.ui:ui-tooling-android:1.7.3] AndroidManifest.xml:25:13-36
57
58        <provider
58-->[androidx.emoji2:emoji2:1.3.0] AndroidManifest.xml:24:9-32:20
59            android:name="androidx.startup.InitializationProvider"
59-->[androidx.emoji2:emoji2:1.3.0] AndroidManifest.xml:25:13-67
60            android:authorities="com.rescuex.androidx-startup"
60-->[androidx.emoji2:emoji2:1.3.0] AndroidManifest.xml:26:13-68
61            android:exported="false" >
61-->[androidx.emoji2:emoji2:1.3.0] AndroidManifest.xml:27:13-37
62            <meta-data
62-->[androidx.emoji2:emoji2:1.3.0] AndroidManifest.xml:29:13-31:52
63                android:name="androidx.emoji2.text.EmojiCompatInitializer"
63-->[androidx.emoji2:emoji2:1.3.0] AndroidManifest.xml:30:17-75
64                android:value="androidx.startup" />
64-->[androidx.emoji2:emoji2:1.3.0] AndroidManifest.xml:31:17-49
65            <meta-data
65-->[androidx.lifecycle:lifecycle-process:2.8.6] AndroidManifest.xml:29:13-31:52
66                android:name="androidx.lifecycle.ProcessLifecycleInitializer"
66-->[androidx.lifecycle:lifecycle-process:2.8.6] AndroidManifest.xml:30:17-78
67                android:value="androidx.startup" />
67-->[androidx.lifecycle:lifecycle-process:2.8.6] AndroidManifest.xml:31:17-49
68            <meta-data
68-->[androidx.profileinstaller:profileinstaller:1.3.1] AndroidManifest.xml:29:13-31:52
69                android:name="androidx.profileinstaller.ProfileInstallerInitializer"
69-->[androidx.profileinstaller:profileinstaller:1.3.1] AndroidManifest.xml:30:17-85
70                android:value="androidx.startup" />
70-->[androidx.profileinstaller:profileinstaller:1.3.1] AndroidManifest.xml:31:17-49
71        </provider>
72
73        <activity
73-->[androidx.compose.ui:ui-test-manifest:1.7.3] AndroidManifest.xml:23:9-25:39
74            android:name="androidx.activity.ComponentActivity"
74-->[androidx.compose.ui:ui-test-manifest:1.7.3] AndroidManifest.xml:24:13-63
75            android:exported="true" />
75-->[androidx.compose.ui:ui-test-manifest:1.7.3] AndroidManifest.xml:25:13-36
76
77        <meta-data
77-->[com.google.android.gms:play-services-basement:18.4.0] AndroidManifest.xml:6:9-122
78            android:name="com.google.android.gms.version"
78-->[com.google.android.gms:play-services-basement:18.4.0] AndroidManifest.xml:6:20-65
79            android:value="@integer/google_play_services_version" />
79-->[com.google.android.gms:play-services-basement:18.4.0] AndroidManifest.xml:6:66-119
80
81        <receiver
81-->[androidx.profileinstaller:profileinstaller:1.3.1] AndroidManifest.xml:34:9-52:20
82            android:name="androidx.profileinstaller.ProfileInstallReceiver"
82-->[androidx.profileinstaller:profileinstaller:1.3.1] AndroidManifest.xml:35:13-76
83            android:directBootAware="false"
83-->[androidx.profileinstaller:profileinstaller:1.3.1] AndroidManifest.xml:36:13-44
84            android:enabled="true"
84-->[androidx.profileinstaller:profileinstaller:1.3.1] AndroidManifest.xml:37:13-35
85            android:exported="true"
85-->[androidx.profileinstaller:profileinstaller:1.3.1] AndroidManifest.xml:38:13-36
86            android:permission="android.permission.DUMP" >
86-->[androidx.profileinstaller:profileinstaller:1.3.1] AndroidManifest.xml:39:13-57
87            <intent-filter>
87-->[androidx.profileinstaller:profileinstaller:1.3.1] AndroidManifest.xml:40:13-42:29
88                <action android:name="androidx.profileinstaller.action.INSTALL_PROFILE" />
88-->[androidx.profileinstaller:profileinstaller:1.3.1] AndroidManifest.xml:41:17-91
88-->[androidx.profileinstaller:profileinstaller:1.3.1] AndroidManifest.xml:41:25-88
89            </intent-filter>
90            <intent-filter>
90-->[androidx.profileinstaller:profileinstaller:1.3.1] AndroidManifest.xml:43:13-45:29
91                <action android:name="androidx.profileinstaller.action.SKIP_FILE" />
91-->[androidx.profileinstaller:profileinstaller:1.3.1] AndroidManifest.xml:44:17-85
91-->[androidx.profileinstaller:profileinstaller:1.3.1] AndroidManifest.xml:44:25-82
92            </intent-filter>
93            <intent-filter>
93-->[androidx.profileinstaller:profileinstaller:1.3.1] AndroidManifest.xml:46:13-48:29
94                <action android:name="androidx.profileinstaller.action.SAVE_PROFILE" />
94-->[androidx.profileinstaller:profileinstaller:1.3.1] AndroidManifest.xml:47:17-88
94-->[androidx.profileinstaller:profileinstaller:1.3.1] AndroidManifest.xml:47:25-85
95            </intent-filter>
96            <intent-filter>
96-->[androidx.profileinstaller:profileinstaller:1.3.1] AndroidManifest.xml:49:13-51:29
97                <action android:name="androidx.profileinstaller.action.BENCHMARK_OPERATION" />
97-->[androidx.profileinstaller:profileinstaller:1.3.1] AndroidManifest.xml:50:17-95
97-->[androidx.profileinstaller:profileinstaller:1.3.1] AndroidManifest.xml:50:25-92
98            </intent-filter>
99        </receiver>
100    </application>
101
102</manifest>